<?xml version="1.0" encoding="UTF-8"?>
<coverage generated="1656108017839" clover="3.2.0">
  <project timestamp="1656108017839" name="All files">
    <metrics statements="2" coveredstatements="1" conditionals="0" coveredconditionals="0" methods="2" coveredmethods="0" elements="4" coveredelements="1" complexity="0" loc="2" ncloc="2" packages="1" files="1" classes="1"/>
    <file name="cortex-client.ts" path="/Users/richardjarram/code/metalogica/cortex-client/src/cortex-client.ts">
      <metrics statements="2" coveredstatements="1" conditionals="0" coveredconditionals="0" methods="2" coveredmethods="0"/>
      <line num="3" count="0" type="stmt"/>
      <line num="7" count="1" type="stmt"/>
    </file>
  </project>
</coverage>
