{"/Users/richardjarram/code/metalogica/cortex-client/src/cortex-client.ts": {"path":"/Users/richardjarram/code/metalogica/cortex-client/src/cortex-client.ts","statementMap":{"0":{"start":{"line":3,"column":4},"end":{"line":3,"column":54}},"1":{"start":{"line":7,"column":0},"end":{"line":7,"column":68}},"2":{"start":{"line":7,"column":42},"end":{"line":7,"column":67}}},"fnMap":{"0":{"name":"(anonymous_0)","decl":{"start":{"line":2,"column":2},"end":{"line":2,"column":14}},"loc":{"start":{"line":2,"column":35},"end":{"line":4,"column":3}}},"1":{"name":"(anonymous_1)","decl":{"start":{"line":7,"column":15},"end":{"line":7,"column":16}},"loc":{"start":{"line":7,"column":42},"end":{"line":7,"column":67}}}},"branchMap":{},"s":{"0":0,"1":1,"2":0},"f":{"0":0,"1":0},"b":{}}
}
